[debug] [2021-09-11T15:16:04.742Z] ----------------------------------------------------------------------
[debug] [2021-09-11T15:16:04.747Z] Command:       C:\Program Files\nodejs\node.exe C:\Users\ASUS\AppData\Roaming\npm\node_modules\firebase-tools\lib\bin\firebase.js init
[debug] [2021-09-11T15:16:04.748Z] CLI Version:   9.18.0
[debug] [2021-09-11T15:16:04.748Z] Platform:      win32
[debug] [2021-09-11T15:16:04.748Z] Node Version:  v14.15.0
[debug] [2021-09-11T15:16:04.750Z] Time:          Sat Sep 11 2021 20:46:04 GMT+0530 (India Standard Time)
[debug] [2021-09-11T15:16:04.750Z] ----------------------------------------------------------------------
[debug] 
[debug] [2021-09-11T15:16:04.767Z] > command requires scopes: ["email","openid","https://www.googleapis.com/auth/cloudplatformprojects.readonly","https://www.googleapis.com/auth/firebase","https://www.googleapis.com/auth/cloud-platform"]
[debug] [2021-09-11T15:16:04.768Z] > authorizing via signed-in user (ayushdubeydps@gmail.com)
[info] 
     ######## #### ########  ######## ########     ###     ######  ########
     ##        ##  ##     ## ##       ##     ##  ##   ##  ##       ##
     ######    ##  ########  ######   ########  #########  ######  ######
     ##        ##  ##    ##  ##       ##     ## ##     ##       ## ##
     ##       #### ##     ## ######## ########  ##     ##  ######  ########

You're about to initialize a Firebase project in this directory:

  D:\react\chat-app

[info] 
=== Project Setup
[info] 
[info] First, let's associate this project directory with a Firebase project.
[info] You can create multiple project aliases by running firebase use --add, 
[info] but for now we'll just set up a default project.
[info] 
